<?xml version="1.0" encoding="UTF-8"?>
<testsuite name="com.converter.ConverterApplicationTests" tests="1" skipped="0" failures="0" errors="0" timestamp="2021-07-22T11:16:58" hostname="Maxs-MacBook-Air.local" time="0.357">
  <properties/>
  <testcase name="contextLoads()" classname="com.converter.ConverterApplicationTests" time="0.357"/>
  <system-out><![CDATA[14:16:55.814 [Test worker] DEBUG org.springframework.test.context.BootstrapUtils - Instantiating CacheAwareContextLoaderDelegate from class [org.springframework.test.context.cache.DefaultCacheAwareContextLoaderDelegate]
14:16:55.830 [Test worker] DEBUG org.springframework.test.context.BootstrapUtils - Instantiating BootstrapContext using constructor [public org.springframework.test.context.support.DefaultBootstrapContext(java.lang.Class,org.springframework.test.context.CacheAwareContextLoaderDelegate)]
14:16:55.881 [Test worker] DEBUG org.springframework.test.context.BootstrapUtils - Instantiating TestContextBootstrapper for test class [com.converter.ConverterApplicationTests] from class [org.springframework.boot.test.context.SpringBootTestContextBootstrapper]
14:16:55.897 [Test worker] INFO org.springframework.boot.test.context.SpringBootTestContextBootstrapper - Neither @ContextConfiguration nor @ContextHierarchy found for test class [com.converter.ConverterApplicationTests], using SpringBootContextLoader
14:16:55.903 [Test worker] DEBUG org.springframework.test.context.support.AbstractContextLoader - Did not detect default resource location for test class [com.converter.ConverterApplicationTests]: class path resource [com/converter/ConverterApplicationTests-context.xml] does not exist
14:16:55.904 [Test worker] DEBUG org.springframework.test.context.support.AbstractContextLoader - Did not detect default resource location for test class [com.converter.ConverterApplicationTests]: class path resource [com/converter/ConverterApplicationTestsContext.groovy] does not exist
14:16:55.905 [Test worker] INFO org.springframework.test.context.support.AbstractContextLoader - Could not detect default resource locations for test class [com.converter.ConverterApplicationTests]: no resource found for suffixes {-context.xml, Context.groovy}.
14:16:55.906 [Test worker] INFO org.springframework.test.context.support.AnnotationConfigContextLoaderUtils - Could not detect default configuration classes for test class [com.converter.ConverterApplicationTests]: ConverterApplicationTests does not declare any static, non-private, non-final, nested classes annotated with @Configuration.
14:16:55.964 [Test worker] DEBUG org.springframework.test.context.support.ActiveProfilesUtils - Could not find an 'annotation declaring class' for annotation type [org.springframework.test.context.ActiveProfiles] and class [com.converter.ConverterApplicationTests]
14:16:56.047 [Test worker] DEBUG org.springframework.context.annotation.ClassPathScanningCandidateComponentProvider - Identified candidate component class: file [/Users/maximdziuba/Developer/converter/build/classes/java/main/com/converter/ConverterApplication.class]
14:16:56.048 [Test worker] INFO org.springframework.boot.test.context.SpringBootTestContextBootstrapper - Found @SpringBootConfiguration com.converter.ConverterApplication for test class com.converter.ConverterApplicationTests
14:16:56.200 [Test worker] DEBUG org.springframework.boot.test.context.SpringBootTestContextBootstrapper - @TestExecutionListeners is not present for class [com.converter.ConverterApplicationTests]: using defaults.
14:16:56.201 [Test worker] INFO org.springframework.boot.test.context.SpringBootTestContextBootstrapper - Loaded default TestExecutionListener class names from location [META-INF/spring.factories]: [org.springframework.boot.test.autoconfigure.restdocs.RestDocsTestExecutionListener, org.springframework.boot.test.autoconfigure.web.client.MockRestServiceServerResetTestExecutionListener, org.springframework.boot.test.autoconfigure.web.servlet.MockMvcPrintOnlyOnFailureTestExecutionListener, org.springframework.boot.test.autoconfigure.web.servlet.WebDriverTestExecutionListener, org.springframework.boot.test.autoconfigure.webservices.client.MockWebServiceServerTestExecutionListener, org.springframework.boot.test.mock.mockito.MockitoTestExecutionListener, org.springframework.boot.test.mock.mockito.ResetMocksTestExecutionListener, org.springframework.test.context.web.ServletTestExecutionListener, org.springframework.test.context.support.DirtiesContextBeforeModesTestExecutionListener, org.springframework.test.context.event.ApplicationEventsTestExecutionListener, org.springframework.test.context.support.DependencyInjectionTestExecutionListener, org.springframework.test.context.support.DirtiesContextTestExecutionListener, org.springframework.test.context.transaction.TransactionalTestExecutionListener, org.springframework.test.context.jdbc.SqlScriptsTestExecutionListener, org.springframework.test.context.event.EventPublishingTestExecutionListener]
14:16:56.215 [Test worker] DEBUG org.springframework.boot.test.context.SpringBootTestContextBootstrapper - Skipping candidate TestExecutionListener [org.springframework.test.context.transaction.TransactionalTestExecutionListener] due to a missing dependency. Specify custom listener classes or make the default listener classes and their required dependencies available. Offending class: [org/springframework/transaction/TransactionDefinition]
14:16:56.216 [Test worker] DEBUG org.springframework.boot.test.context.SpringBootTestContextBootstrapper - Skipping candidate TestExecutionListener [org.springframework.test.context.jdbc.SqlScriptsTestExecutionListener] due to a missing dependency. Specify custom listener classes or make the default listener classes and their required dependencies available. Offending class: [org/springframework/transaction/interceptor/TransactionAttribute]
14:16:56.216 [Test worker] INFO org.springframework.boot.test.context.SpringBootTestContextBootstrapper - Using TestExecutionListeners: [org.springframework.test.context.web.ServletTestExecutionListener@426dc1ef, org.springframework.test.context.support.DirtiesContextBeforeModesTestExecutionListener@46daa781, org.springframework.test.context.event.ApplicationEventsTestExecutionListener@24397501, org.springframework.boot.test.mock.mockito.MockitoTestExecutionListener@328591c3, org.springframework.boot.test.autoconfigure.SpringBootDependencyInjectionTestExecutionListener@1e4b4cc5, org.springframework.test.context.support.DirtiesContextTestExecutionListener@d3e1622, org.springframework.test.context.event.EventPublishingTestExecutionListener@62c0fbf9, org.springframework.boot.test.autoconfigure.restdocs.RestDocsTestExecutionListener@7cd575eb, org.springframework.boot.test.autoconfigure.web.client.MockRestServiceServerResetTestExecutionListener@383c33d0, org.springframework.boot.test.autoconfigure.web.servlet.MockMvcPrintOnlyOnFailureTestExecutionListener@454eadf3, org.springframework.boot.test.autoconfigure.web.servlet.WebDriverTestExecutionListener@20348990, org.springframework.boot.test.autoconfigure.webservices.client.MockWebServiceServerTestExecutionListener@7799da50, org.springframework.boot.test.mock.mockito.ResetMocksTestExecutionListener@2e62d5c0]
14:16:56.221 [Test worker] DEBUG org.springframework.test.context.support.AbstractDirtiesContextTestExecutionListener - Before test class: context [DefaultTestContext@678ce3f2 testClass = ConverterApplicationTests, testInstance = [null], testMethod = [null], testException = [null], mergedContextConfiguration = [WebMergedContextConfiguration@254603c3 testClass = ConverterApplicationTests, locations = '{}', classes = '{class com.converter.ConverterApplication}', contextInitializerClasses = '[]', activeProfiles = '{}', propertySourceLocations = '{}', propertySourceProperties = '{org.springframework.boot.test.context.SpringBootTestContextBootstrapper=true}', contextCustomizers = set[org.springframework.boot.test.autoconfigure.actuate.metrics.MetricsExportContextCustomizerFactory$DisableMetricExportContextCustomizer@39e6f8f3, org.springframework.boot.test.autoconfigure.properties.PropertyMappingContextCustomizer@0, org.springframework.boot.test.autoconfigure.web.servlet.WebDriverContextCustomizerFactory$Customizer@3f7c218c, org.springframework.boot.test.context.filter.ExcludeFilterContextCustomizer@37a3496f, org.springframework.boot.test.json.DuplicateJsonObjectContextCustomizerFactory$DuplicateJsonObjectContextCustomizer@18580841, org.springframework.boot.test.mock.mockito.MockitoContextCustomizer@0, org.springframework.boot.test.web.client.TestRestTemplateContextCustomizer@5ee19708, org.springframework.boot.test.context.SpringBootTestArgs@1, org.springframework.boot.test.context.SpringBootTestWebEnvironment@fd4d074], resourceBasePath = 'src/main/webapp', contextLoader = 'org.springframework.boot.test.context.SpringBootContextLoader', parent = [null]], attributes = map['org.springframework.test.context.web.ServletTestExecutionListener.activateListener' -> true]], class annotated with @DirtiesContext [false] with mode [null].
14:16:56.265 [Test worker] DEBUG org.springframework.test.context.support.TestPropertySourceUtils - Adding inlined properties to environment: {spring.jmx.enabled=false, org.springframework.boot.test.context.SpringBootTestContextBootstrapper=true}

  .   ____          _            __ _ _
 /\\ / ___'_ __ _ _(_)_ __  __ _ \ \ \ \
( ( )\___ | '_ | '_| | '_ \/ _` | \ \ \ \
 \\/  ___)| |_)| | | | | || (_| |  ) ) ) )
  '  |____| .__|_| |_|_| |_\__, | / / / /
 =========|_|==============|___/=/_/_/_/
 :: Spring Boot ::                (v2.5.2)

2021-07-22 14:16:56.818  INFO 1334 --- [    Test worker] com.converter.ConverterApplicationTests  : Starting ConverterApplicationTests using Java 11.0.10 on Maxs-MacBook-Air.local with PID 1334 (started by maximdziuba in /Users/maximdziuba/Developer/converter)
2021-07-22 14:16:56.821  INFO 1334 --- [    Test worker] com.converter.ConverterApplicationTests  : No active profile set, falling back to default profiles: default
2021-07-22 14:16:58.948  INFO 1334 --- [    Test worker] com.converter.ConverterApplicationTests  : Started ConverterApplicationTests in 2.671 seconds (JVM running for 4.216)
]]></system-out>
  <system-err><![CDATA[]]></system-err>
</testsuite>
